<?xml version="1.0" encoding="UTF-8"?>
<!-- Generated by org.testng.reporters.JUnitReportReporter -->
<testsuite hostname="LAPTOP-L7MCKRT1" failures="0" tests="1" name="com.crm.comcast.SDET32_GitPractice.ClassA" time="0.001" errors="0" timestamp="2022-04-14T12:21:54 IST" skipped="0">
  <testcase classname="com.crm.comcast.SDET32_GitPractice.ClassA" name="gitPractice" time="0.001"/>
  <system-out/>
</testsuite> <!-- com.crm.comcast.SDET32_GitPractice.ClassA -->
